<?xml version="1.0" encoding="UTF-8"?>
<!-- Generated by org.testng.reporters.JUnitReportReporter -->
<testsuite hostname="Rohini" failures="0" tests="1" name="rare.Rare" time="0.014" errors="0" timestamp="2025-06-13T14:04:39 IST" skipped="0">
  <testcase classname="rare.Rare" name="rarer" time="0.014"/>
</testsuite> <!-- rare.Rare -->
