<?xml version="1.0" encoding="UTF-8"?>
<!-- Generated by org.testng.reporters.JUnitReportReporter -->
<testsuite hostname="Rohini" failures="0" tests="1" name="Sample" time="0.017" errors="0" timestamp="2025-06-13T14:01:38 IST" skipped="0">
  <testcase classname="Sample" name="lam" time="0.017"/>
</testsuite> <!-- Sample -->
